[0.014s] Invoking command in '/home/razanhmede/Johnny-Answers-Session11/build/robot_avoidance': CMAKE_PREFIX_PATH=${CMAKE_PREFIX_PATH}:/opt/ros/humble /usr/bin/cmake --build /home/razanhmede/Johnny-Answers-Session11/build/robot_avoidance -- -j4 -l4
[0.067s] [35m[1mConsolidate compiler generated dependencies of target avoidance[0m
[0.092s] [ 50%] [32mBuilding CXX object CMakeFiles/avoidance.dir/src/avoidance.cpp.o[0m
[3.274s] [01m[K/home/razanhmede/Johnny-Answers-Session11/src/robot_avoidance/src/avoidance.cpp:[m[K In member function â€˜[01m[Kstd::vector<float> AvoidanceNode::calculate_resultant(const std::vector<float>&, const std::vector<float>&)[m[Kâ€™:
[3.274s] [01m[K/home/razanhmede/Johnny-Answers-Session11/src/robot_avoidance/src/avoidance.cpp:120:21:[m[K [01;31m[Kerror: [m[Kexpected initializer before â€˜[01m[K*=[m[Kâ€™ token
[3.274s]   120 |   float resultant_x [01;31m[K*=[m[K resultant_gain;
[3.274s]       |                     [01;31m[K^~[m[K
[3.275s] [01m[K/home/razanhmede/Johnny-Answers-Session11/src/robot_avoidance/src/avoidance.cpp:121:21:[m[K [01;31m[Kerror: [m[Kexpected initializer before â€˜[01m[K*=[m[Kâ€™ token
[3.275s]   121 |   float resultant_y [01;31m[K*=[m[K resultant_gain;
[3.275s]       |                     [01;31m[K^~[m[K
[3.317s] [01m[K/home/razanhmede/Johnny-Answers-Session11/src/robot_avoidance/src/avoidance.cpp:117:9:[m[K [01;35m[Kwarning: [m[Kunused variable â€˜[01m[Kresultant_gain[m[Kâ€™ [[01;35m[K]8;;https://gcc.gnu.org/onlinedocs/gcc/Warning-Options.html#index-Wunused-variable-Wunused-variable]8;;[m[K]
[3.317s]   117 |   float [01;35m[Kresultant_gain[m[K = 0.1;
[3.317s]       |         [01;35m[K^~~~~~~~~~~~~~[m[K
[7.562s] gmake[2]: *** [CMakeFiles/avoidance.dir/build.make:76: CMakeFiles/avoidance.dir/src/avoidance.cpp.o] Error 1
[7.562s] gmake[1]: *** [CMakeFiles/Makefile2:137: CMakeFiles/avoidance.dir/all] Error 2
[7.562s] gmake: *** [Makefile:146: all] Error 2
[7.564s] Invoked command in '/home/razanhmede/Johnny-Answers-Session11/build/robot_avoidance' returned '2': CMAKE_PREFIX_PATH=${CMAKE_PREFIX_PATH}:/opt/ros/humble /usr/bin/cmake --build /home/razanhmede/Johnny-Answers-Session11/build/robot_avoidance -- -j4 -l4
