[01m[K/home/razanhmede/Johnny-Answers-Session11/src/robot_avoidance/src/avoidance.cpp:[m[K In member function â€˜[01m[Kstd::vector<float> AvoidanceNode::calculate_resultant(const std::vector<float>&, const std::vector<float>&)[m[Kâ€™:
[01m[K/home/razanhmede/Johnny-Answers-Session11/src/robot_avoidance/src/avoidance.cpp:120:3:[m[K [01;31m[Kerror: [m[Kâ€˜[01m[Klinear_velocity[m[Kâ€™ was not declared in this scope
  120 |   [01;31m[Klinear_velocity[m[K *= resultant_gain;
      |   [01;31m[K^~~~~~~~~~~~~~~[m[K
[01m[K/home/razanhmede/Johnny-Answers-Session11/src/robot_avoidance/src/avoidance.cpp:121:3:[m[K [01;31m[Kerror: [m[Kâ€˜[01m[Kangular_velocity[m[Kâ€™ was not declared in this scope
  121 |   [01;31m[Kangular_velocity[m[K *= resultant_gain;
      |   [01;31m[K^~~~~~~~~~~~~~~~[m[K
[01m[K/home/razanhmede/Johnny-Answers-Session11/src/robot_avoidance/src/avoidance.cpp:134:70:[m[K [01;31m[Kerror: [m[Kcould not convert â€˜[01m[K{resultant_x, resultant_y, angular_velocity, linear_velocity}[m[Kâ€™ from â€˜[01m[K<brace-enclosed initializer list>[m[Kâ€™ to â€˜[01m[Kstd::vector<float>[m[Kâ€™
  134 |   return {resultant_x, resultant_y, angular_velocity, linear_velocity[01;31m[K}[m[K;
      |                                                                      [01;31m[K^[m[K
      |                                                                      [01;31m[K|[m[K
      |                                                                      [01;31m[K<brace-enclosed initializer list>[m[K
gmake[2]: *** [CMakeFiles/avoidance.dir/build.make:76: CMakeFiles/avoidance.dir/src/avoidance.cpp.o] Error 1
gmake[1]: *** [CMakeFiles/Makefile2:137: CMakeFiles/avoidance.dir/all] Error 2
gmake: *** [Makefile:146: all] Error 2
