[0.069s] Invoking command in '/home/razanhmede/Johnny-Answers-Session11/build/robot_avoidance': CMAKE_PREFIX_PATH=/opt/ros/humble /usr/bin/cmake --build /home/razanhmede/Johnny-Answers-Session11/build/robot_avoidance -- -j4 -l4
[0.122s] [35m[1mConsolidate compiler generated dependencies of target avoidance[0m
[0.152s] [ 50%] [32mBuilding CXX object CMakeFiles/avoidance.dir/src/avoidance.cpp.o[0m
[3.854s] [01m[K/home/razanhmede/Johnny-Answers-Session11/src/robot_avoidance/src/avoidance.cpp:[m[K In member function â€˜[01m[Kstd::vector<float> AvoidanceNode::calculate_resultant(const std::vector<float>&, const std::vector<float>&)[m[Kâ€™:
[3.854s] [01m[K/home/razanhmede/Johnny-Answers-Session11/src/robot_avoidance/src/avoidance.cpp:120:3:[m[K [01;31m[Kerror: [m[Kâ€˜[01m[Klinear_velocity[m[Kâ€™ was not declared in this scope
[3.854s]   120 |   [01;31m[Klinear_velocity[m[K *= resultant_gain;
[3.854s]       |   [01;31m[K^~~~~~~~~~~~~~~[m[K
[3.870s] [01m[K/home/razanhmede/Johnny-Answers-Session11/src/robot_avoidance/src/avoidance.cpp:121:3:[m[K [01;31m[Kerror: [m[Kâ€˜[01m[Kangular_velocity[m[Kâ€™ was not declared in this scope
[3.871s]   121 |   [01;31m[Kangular_velocity[m[K *= resultant_gain;
[3.871s]       |   [01;31m[K^~~~~~~~~~~~~~~~[m[K
[3.872s] [01m[K/home/razanhmede/Johnny-Answers-Session11/src/robot_avoidance/src/avoidance.cpp:134:70:[m[K [01;31m[Kerror: [m[Kcould not convert â€˜[01m[K{resultant_x, resultant_y, angular_velocity, linear_velocity}[m[Kâ€™ from â€˜[01m[K<brace-enclosed initializer list>[m[Kâ€™ to â€˜[01m[Kstd::vector<float>[m[Kâ€™
[3.873s]   134 |   return {resultant_x, resultant_y, angular_velocity, linear_velocity[01;31m[K}[m[K;
[3.873s]       |                                                                      [01;31m[K^[m[K
[3.873s]       |                                                                      [01;31m[K|[m[K
[3.873s]       |                                                                      [01;31m[K<brace-enclosed initializer list>[m[K
[8.560s] gmake[2]: *** [CMakeFiles/avoidance.dir/build.make:76: CMakeFiles/avoidance.dir/src/avoidance.cpp.o] Error 1
[8.560s] gmake[1]: *** [CMakeFiles/Makefile2:137: CMakeFiles/avoidance.dir/all] Error 2
[8.560s] gmake: *** [Makefile:146: all] Error 2
[8.563s] Invoked command in '/home/razanhmede/Johnny-Answers-Session11/build/robot_avoidance' returned '2': CMAKE_PREFIX_PATH=/opt/ros/humble /usr/bin/cmake --build /home/razanhmede/Johnny-Answers-Session11/build/robot_avoidance -- -j4 -l4
